0 info it worked if it ends with ok
1 verbose cli [ 'D:\\Program Files\\nodejs\\\\node.exe',
1 verbose cli   'D:\\Program Files\\nodejs\\node_modules\\npm\\bin\\npm-cli.js',
1 verbose cli   'install',
1 verbose cli   'react-tools' ]
2 info using npm@2.5.1
3 info using node@v0.12.0
4 verbose node symlink D:\Program Files\nodejs\\node.exe
5 silly cache add args [ 'react-tools', null ]
6 verbose cache add spec react-tools
7 silly cache add parsed spec { raw: 'react-tools',
7 silly cache add   scope: null,
7 silly cache add   name: 'react-tools',
7 silly cache add   rawSpec: '',
7 silly cache add   spec: '*',
7 silly cache add   type: 'range' }
8 verbose addNamed react-tools@*
9 silly addNamed semver.valid null
10 silly addNamed semver.validRange *
11 silly addNameRange { name: 'react-tools', range: '*', hasData: false }
12 silly mapToRegistry name react-tools
13 silly mapToRegistry using default registry
14 silly mapToRegistry registry http://npm.internal.baidu.com/
15 silly mapToRegistry uri http://npm.internal.baidu.com/react-tools
16 verbose addNameRange registry:http://npm.internal.baidu.com/react-tools not in flight; fetching
17 verbose request uri http://npm.internal.baidu.com/react-tools
18 verbose request no auth needed
19 info attempt registry request try #1 at 3:36:37 PM
20 verbose request id 5796852ad3f2a5e4
21 http request GET http://npm.internal.baidu.com/react-tools
22 info retry will retry, error on last attempt: Error: getaddrinfo EAI_AGAIN
23 info attempt registry request try #2 at 3:36:47 PM
24 http request GET http://npm.internal.baidu.com/react-tools
25 info retry will retry, error on last attempt: Error: getaddrinfo EAI_AGAIN
26 info attempt registry request try #3 at 3:37:47 PM
27 http request GET http://npm.internal.baidu.com/react-tools
28 verbose stack Error: getaddrinfo EAI_AGAIN
28 verbose stack     at Object.exports._errnoException (util.js:746:11)
28 verbose stack     at errnoException (dns.js:49:15)
28 verbose stack     at GetAddrInfoReqWrap.onlookup [as oncomplete] (dns.js:94:26)
29 verbose cwd D:\practice\React-Demo
30 error Windows_NT 6.1.7601
31 error argv "D:\\Program Files\\nodejs\\\\node.exe" "D:\\Program Files\\nodejs\\node_modules\\npm\\bin\\npm-cli.js" "install" "react-tools"
32 error node v0.12.0
33 error npm  v2.5.1
34 error code EAI_AGAIN
35 error errno EAI_AGAIN
36 error syscall getaddrinfo
37 error getaddrinfo EAI_AGAIN
38 error If you need help, you may report this error at:
38 error     <http://github.com/npm/npm/issues>
39 verbose exit [ 1, true ]
